<?xml version="1.0" encoding="utf-8"?><testsuites name="pytest tests"><testsuite name="pytest" errors="0" failures="0" skipped="0" tests="10" time="1.616" timestamp="2026-07-14T12:39:24.253239+00:00" hostname="agent-env-cd74c604-4f98-4788-8324-5e00743ffc3e"><testcase classname="backend.tests.test_portfolio_api.TestHealth" name="test_health_check" time="0.248" /><testcase classname="backend.tests.test_portfolio_api.TestProfilePhoto" name="test_get_photo" time="0.113" /><testcase classname="backend.tests.test_portfolio_api.TestProfilePhoto" name="test_photo_url_is_reachable" time="0.190" /><testcase classname="backend.tests.test_portfolio_api.TestProfilePhoto" name="test_upload_photo_png" time="0.178" /><testcase classname="backend.tests.test_portfolio_api.TestProfilePhoto" name="test_upload_photo_invalid_type_rejected" time="0.106" /><testcase classname="backend.tests.test_portfolio_api.TestResumeDownload" name="test_download_resume" time="0.122" /><testcase classname="backend.tests.test_portfolio_api.TestContact" name="test_create_contact_message_and_verify_persistence" time="0.155" /><testcase classname="backend.tests.test_portfolio_api.TestContact" name="test_create_contact_missing_field_returns_422" time="0.098" /><testcase classname="backend.tests.test_portfolio_api.TestContact" name="test_create_contact_invalid_email_returns_422" time="0.110" /><testcase classname="backend.tests.test_portfolio_api.TestContact" name="test_list_contact_messages" time="0.096" /></testsuite></testsuites>